0 info it worked if it ends with ok
1 verbose cli [ '/usr/local/bin/node', '/usr/local/bin/npm', 'start' ]
2 info using npm@3.3.12
3 info using node@v5.5.0
4 verbose run-script [ 'prestart', 'start', 'poststart' ]
5 info lifecycle secourse.com@~prestart: secourse.com@
6 silly lifecycle secourse.com@~prestart: no script for prestart, continuing
7 info lifecycle secourse.com@~start: secourse.com@
8 verbose lifecycle secourse.com@~start: unsafe-perm in lifecycle true
9 verbose lifecycle secourse.com@~start: PATH: /usr/local/lib/node_modules/npm/bin/node-gyp-bin:/Users/walidelhefny/Desktop/SE/hashfork/node_modules/.bin:/usr/local/bin:/usr/bin:/bin:/usr/sbin:/sbin:/opt/X11/bin
10 verbose lifecycle secourse.com@~start: CWD: /Users/walidelhefny/Desktop/SE/hashfork
11 silly lifecycle secourse.com@~start: Args: [ '-c', 'nodemon server.js' ]
12 info lifecycle secourse.com@~start: Failed to exec start script
13 verbose stack Error: secourse.com@ start: `nodemon server.js`
13 verbose stack spawn ENOENT
13 verbose stack     at ChildProcess.<anonymous> (/usr/local/lib/node_modules/npm/lib/utils/spawn.js:17:16)
13 verbose stack     at emitTwo (events.js:100:13)
13 verbose stack     at ChildProcess.emit (events.js:185:7)
13 verbose stack     at maybeClose (internal/child_process.js:821:16)
13 verbose stack     at Process.ChildProcess._handle.onexit (internal/child_process.js:211:5)
14 verbose pkgid secourse.com@
15 verbose cwd /Users/walidelhefny/Desktop/SE/hashfork
16 error Darwin 15.4.0
17 error argv "/usr/local/bin/node" "/usr/local/bin/npm" "start"
18 error node v5.5.0
19 error npm  v3.3.12
20 error file sh
21 error code ELIFECYCLE
22 error errno ENOENT
23 error syscall spawn
24 error secourse.com@ start: `nodemon server.js`
24 error spawn ENOENT
25 error Failed at the secourse.com@ start script 'nodemon server.js'.
25 error Make sure you have the latest version of node.js and npm installed.
25 error If you do, this is most likely a problem with the secourse.com package,
25 error not with npm itself.
25 error Tell the author that this fails on your system:
25 error     nodemon server.js
25 error You can get their info via:
25 error     npm owner ls secourse.com
25 error There is likely additional logging output above.
26 verbose exit [ 1, true ]
